{"C:\\Users\\newde\\Documents\\Education\\Node\\meadowlark-travel\\lib\\fortune.js": {"path":"C:\\Users\\newde\\Documents\\Education\\Node\\meadowlark-travel\\lib\\fortune.js","statementMap":{"0":{"start":{"line":1,"column":17},"end":{"line":7,"column":1}},"1":{"start":{"line":11,"column":24},"end":{"line":11,"column":67}},"2":{"start":{"line":13,"column":4},"end":{"line":13,"column":32}},"3":{"start":{"line":16,"column":0},"end":{"line":18,"column":1}}},"fnMap":{"0":{"name":"getRandomFortune","decl":{"start":{"line":9,"column":9},"end":{"line":9,"column":25}},"loc":{"start":{"line":9,"column":28},"end":{"line":14,"column":1}},"line":9}},"branchMap":{},"s":{"0":1,"1":1,"2":1,"3":1},"f":{"0":1},"b":{},"_coverageSchema":"1a1c01bbd47fc00a2c39e90264f33305004495a9","hash":"1383c0f62c8be4598a742c62892b4d0c2f50e812"}
,"C:\\Users\\newde\\Documents\\Education\\Node\\meadowlark-travel\\lib\\handlers.js": {"path":"C:\\Users\\newde\\Documents\\Education\\Node\\meadowlark-travel\\lib\\handlers.js","statementMap":{"0":{"start":{"line":1,"column":16},"end":{"line":1,"column":36}},"1":{"start":{"line":3,"column":13},"end":{"line":6,"column":1}},"2":{"start":{"line":5,"column":4},"end":{"line":5,"column":22}},"3":{"start":{"line":8,"column":14},"end":{"line":13,"column":1}},"4":{"start":{"line":10,"column":26},"end":{"line":10,"column":52}},"5":{"start":{"line":12,"column":4},"end":{"line":12,"column":51}},"6":{"start":{"line":15,"column":17},"end":{"line":20,"column":1}},"7":{"start":{"line":17,"column":4},"end":{"line":17,"column":19}},"8":{"start":{"line":19,"column":4},"end":{"line":19,"column":21}},"9":{"start":{"line":22,"column":20},"end":{"line":29,"column":1}},"10":{"start":{"line":24,"column":4},"end":{"line":24,"column":22}},"11":{"start":{"line":26,"column":4},"end":{"line":26,"column":19}},"12":{"start":{"line":28,"column":4},"end":{"line":28,"column":21}},"13":{"start":{"line":31,"column":0},"end":{"line":36,"column":1}}},"fnMap":{"0":{"name":"(anonymous_0)","decl":{"start":{"line":3,"column":13},"end":{"line":3,"column":14}},"loc":{"start":{"line":3,"column":27},"end":{"line":6,"column":1}},"line":3},"1":{"name":"(anonymous_1)","decl":{"start":{"line":8,"column":14},"end":{"line":8,"column":15}},"loc":{"start":{"line":8,"column":28},"end":{"line":13,"column":1}},"line":8},"2":{"name":"(anonymous_2)","decl":{"start":{"line":15,"column":17},"end":{"line":15,"column":18}},"loc":{"start":{"line":15,"column":31},"end":{"line":20,"column":1}},"line":15},"3":{"name":"(anonymous_3)","decl":{"start":{"line":22,"column":20},"end":{"line":22,"column":21}},"loc":{"start":{"line":22,"column":45},"end":{"line":29,"column":1}},"line":22}},"branchMap":{},"s":{"0":1,"1":1,"2":1,"3":1,"4":1,"5":1,"6":1,"7":1,"8":1,"9":1,"10":1,"11":1,"12":1,"13":1},"f":{"0":1,"1":1,"2":1,"3":1},"b":{},"_coverageSchema":"1a1c01bbd47fc00a2c39e90264f33305004495a9","hash":"0482f22a34a2c3c8feb675c493c1e6828c7bbba5"}
}
